[2019-12-20 11:16:37,729] [INFO] [akka.event.slf4j.Slf4jLogger] [pool-20-thread-12-ScalaTest-running-TestAppUserDBSpec] [] - Slf4jLogger started
[2019-12-20 11:16:37,765] [INFO] [com.zaxxer.hikari.HikariDataSource] [pool-20-thread-12-ScalaTest-running-TestAppUserDBSpec] [] - mysql - Starting...
[2019-12-20 11:16:37,799] [INFO] [com.zaxxer.hikari.HikariDataSource] [pool-20-thread-12-ScalaTest-running-TestAppUserDBSpec] [] - mysql - Start completed.
[2019-12-20 11:16:38,134] [INFO] [com.zaxxer.hikari.HikariDataSource] [pool-20-thread-12-ScalaTest-running-TestAppUserDBSpec] [] - mysql - Starting...
[2019-12-20 11:16:38,134] [INFO] [com.zaxxer.hikari.HikariDataSource] [pool-20-thread-12-ScalaTest-running-TestAppUserDBSpec] [] - mysql - Start completed.
[2019-12-20 11:16:38,194] [INFO] [com.zaxxer.hikari.HikariDataSource] [pool-20-thread-12-ScalaTest-running-TestAppUserDBSpec] [] - mysql - Starting...
[2019-12-20 11:16:38,195] [INFO] [com.zaxxer.hikari.HikariDataSource] [pool-20-thread-12-ScalaTest-running-TestAppUserDBSpec] [] - mysql - Start completed.
[2019-12-20 11:16:38,240] [INFO] [com.zaxxer.hikari.HikariDataSource] [pool-20-thread-12-ScalaTest-running-TestAppUserDBSpec] [] - mysql - Starting...
[2019-12-20 11:16:38,241] [INFO] [com.zaxxer.hikari.HikariDataSource] [pool-20-thread-12-ScalaTest-running-TestAppUserDBSpec] [] - mysql - Start completed.
[2019-12-20 11:16:38,267] [INFO] [com.zaxxer.hikari.HikariDataSource] [pool-20-thread-12-ScalaTest-running-TestAppUserDBSpec] [] - mysql - Starting...
[2019-12-20 11:16:38,268] [INFO] [com.zaxxer.hikari.HikariDataSource] [pool-20-thread-12-ScalaTest-running-TestAppUserDBSpec] [] - mysql - Start completed.
[2019-12-20 11:16:38,291] [INFO] [com.zaxxer.hikari.HikariDataSource] [pool-20-thread-12-ScalaTest-running-TestAppUserDBSpec] [] - mysql - Starting...
[2019-12-20 11:16:38,292] [INFO] [com.zaxxer.hikari.HikariDataSource] [pool-20-thread-12-ScalaTest-running-TestAppUserDBSpec] [] - mysql - Start completed.
[2019-12-20 11:16:38,322] [INFO] [com.zaxxer.hikari.HikariDataSource] [pool-20-thread-12-ScalaTest-running-TestAppUserDBSpec] [] - mysql - Starting...
[2019-12-20 11:16:38,323] [INFO] [com.zaxxer.hikari.HikariDataSource] [pool-20-thread-12-ScalaTest-running-TestAppUserDBSpec] [] - mysql - Start completed.
[2019-12-20 11:16:38,351] [INFO] [com.zaxxer.hikari.HikariDataSource] [pool-20-thread-12-ScalaTest-running-TestAppUserDBSpec] [] - mysql - Starting...
[2019-12-20 11:16:38,352] [INFO] [com.zaxxer.hikari.HikariDataSource] [pool-20-thread-12-ScalaTest-running-TestAppUserDBSpec] [] - mysql - Start completed.
[2019-12-20 11:16:38,386] [INFO] [com.zaxxer.hikari.HikariDataSource] [pool-20-thread-12-ScalaTest-running-TestAppUserDBSpec] [] - mysql - Starting...
[2019-12-20 11:16:38,387] [INFO] [com.zaxxer.hikari.HikariDataSource] [pool-20-thread-12-ScalaTest-running-TestAppUserDBSpec] [] - mysql - Start completed.
[2019-12-20 11:16:38,419] [INFO] [com.zaxxer.hikari.HikariDataSource] [pool-20-thread-12-ScalaTest-running-TestAppUserDBSpec] [] - mysql - Starting...
[2019-12-20 11:16:38,421] [INFO] [com.zaxxer.hikari.HikariDataSource] [pool-20-thread-12-ScalaTest-running-TestAppUserDBSpec] [] - mysql - Start completed.
[2019-12-20 11:16:39,006] [INFO] [com.zaxxer.hikari.HikariDataSource] [pool-20-thread-8-ScalaTest-running-SearchUserRouteSpec] [] - mysql - Starting...
[2019-12-20 11:16:39,006] [INFO] [com.zaxxer.hikari.HikariDataSource] [pool-20-thread-8-ScalaTest-running-SearchUserRouteSpec] [] - mysql - Start completed.
[2019-12-20 11:17:51,799] [INFO] [akka.event.slf4j.Slf4jLogger] [pool-30-thread-8-ScalaTest-running-TestAppUserDBSpec] [] - Slf4jLogger started
[2019-12-20 11:17:51,811] [INFO] [com.zaxxer.hikari.HikariDataSource] [pool-30-thread-8-ScalaTest-running-TestAppUserDBSpec] [] - mysql - Starting...
[2019-12-20 11:17:51,829] [INFO] [com.zaxxer.hikari.HikariDataSource] [pool-30-thread-8-ScalaTest-running-TestAppUserDBSpec] [] - mysql - Start completed.
[2019-12-20 11:17:52,527] [INFO] [com.zaxxer.hikari.HikariDataSource] [pool-30-thread-17-ScalaTest-running-SearchUserRouteSpec] [] - mysql - Starting...
[2019-12-20 11:17:52,528] [INFO] [com.zaxxer.hikari.HikariDataSource] [pool-30-thread-17-ScalaTest-running-SearchUserRouteSpec] [] - mysql - Start completed.
[2019-12-20 11:17:56,882] [INFO] [com.zaxxer.hikari.HikariDataSource] [pool-30-thread-8-ScalaTest-running-TestAppUserDBSpec] [] - mysql - Starting...
[2019-12-20 11:17:56,882] [INFO] [com.zaxxer.hikari.HikariDataSource] [pool-30-thread-8-ScalaTest-running-TestAppUserDBSpec] [] - mysql - Start completed.
[2019-12-20 11:17:57,548] [ERROR] [akka.actor.ActorSystemImpl] [SearchUserRouteSpec-akka.actor.default-dispatcher-3] [akka.actor.ActorSystemImpl(SearchUserRouteSpec)] - Error during processing of request: 'Future timed out after [5 seconds]'. Completing with 500 Internal Server Error response. To change default exception handling behavior, provide a custom ExceptionHandler.
java.util.concurrent.TimeoutException: Future timed out after [5 seconds]
	at scala.concurrent.impl.Promise$DefaultPromise.tryAwait0(Promise.scala:212)
	at scala.concurrent.impl.Promise$DefaultPromise.result(Promise.scala:225)
	at scala.concurrent.Await$.$anonfun$result$1(package.scala:201)
	at scala.concurrent.BlockContext$DefaultBlockContext$.blockOn(BlockContext.scala:62)
	at scala.concurrent.Await$.result(package.scala:124)
	at com.ks.scala.dbexplorer.schema.AppUsersSchema.getUserByUsername(AppUsersSchema.scala:60)
	at com.ks.scala.dbexplorer.dbobjects.TestAppUserDB$.findByUsername(TestAppUserDB.scala:35)
	at com.ks.scala.dbexplorer.routers.SearchUserRouter.$anonfun$searchUserRoute$8(SearchUserRouter.scala:34)
	at akka.http.scaladsl.server.util.ApplyConverterInstances$$anon$1.$anonfun$apply$1(ApplyConverterInstances.scala:14)
	at akka.http.scaladsl.server.ConjunctionMagnet$$anon$2.$anonfun$apply$3(Directive.scala:219)
	at akka.http.scaladsl.server.directives.BasicDirectives.$anonfun$mapRouteResult$2(BasicDirectives.scala:68)
	at akka.http.scaladsl.server.directives.FutureDirectives.$anonfun$onComplete$3(FutureDirectives.scala:37)
	at akka.http.scaladsl.util.FastFuture$.$anonfun$transformWith$1(FastFuture.scala:37)
	at akka.http.scaladsl.util.FastFuture$.strictTransform$1(FastFuture.scala:41)
	at akka.http.scaladsl.util.FastFuture$.transformWith$extension(FastFuture.scala:45)
	at akka.http.scaladsl.util.FastFuture$.transformWith$extension(FastFuture.scala:37)
	at akka.http.scaladsl.server.directives.FutureDirectives.$anonfun$onComplete$2(FutureDirectives.scala:37)
	at akka.http.scaladsl.server.directives.BasicDirectives.$anonfun$textract$2(BasicDirectives.scala:161)
	at akka.http.scaladsl.server.directives.BasicDirectives.$anonfun$mapRouteResult$2(BasicDirectives.scala:68)
	at akka.http.scaladsl.server.directives.BasicDirectives.$anonfun$textract$2(BasicDirectives.scala:161)
	at akka.http.scaladsl.server.directives.BasicDirectives.$anonfun$mapRequestContext$2(BasicDirectives.scala:45)
	at akka.http.scaladsl.server.directives.BasicDirectives.$anonfun$textract$2(BasicDirectives.scala:161)
	at akka.http.scaladsl.server.RouteConcatenation$RouteWithConcatenation.$anonfun$$tilde$2(RouteConcatenation.scala:47)
	at akka.http.scaladsl.util.FastFuture$.strictTransform$1(FastFuture.scala:41)
	at akka.http.scaladsl.util.FastFuture$.transformWith$extension(FastFuture.scala:45)
	at akka.http.scaladsl.util.FastFuture$.flatMap$extension(FastFuture.scala:26)
	at akka.http.scaladsl.server.RouteConcatenation$RouteWithConcatenation.$anonfun$$tilde$1(RouteConcatenation.scala:44)
	at akka.http.scaladsl.server.directives.BasicDirectives.$anonfun$mapRequestContext$2(BasicDirectives.scala:45)
	at akka.http.scaladsl.server.directives.BasicDirectives.$anonfun$textract$2(BasicDirectives.scala:161)
	at akka.http.scaladsl.server.directives.ExecutionDirectives.$anonfun$handleExceptions$2(ExecutionDirectives.scala:32)
	at akka.http.scaladsl.testkit.RouteTest$TildeArrow$$anon$1.apply(RouteTest.scala:161)
	at akka.http.scaladsl.testkit.RouteTest$TildeArrow$$anon$1.apply(RouteTest.scala:149)
	at akka.http.scaladsl.testkit.RouteTest$WithTransformation2.$tilde$greater(RouteTest.scala:124)
	at com.ks.scala.dbexplorer.routes.SearchUserRouteSpec.$anonfun$new$2(SearchUserRouteSpec.scala:53)
	at org.scalatest.OutcomeOf.outcomeOf(OutcomeOf.scala:85)
	at org.scalatest.OutcomeOf.outcomeOf$(OutcomeOf.scala:83)
	at org.scalatest.OutcomeOf$.outcomeOf(OutcomeOf.scala:104)
	at org.scalatest.Transformer.apply(Transformer.scala:22)
	at org.scalatest.Transformer.apply(Transformer.scala:20)
	at org.scalatest.WordSpecLike$$anon$3.apply(WordSpecLike.scala:1075)
	at org.scalatest.TestSuite.withFixture(TestSuite.scala:196)
	at org.scalatest.TestSuite.withFixture$(TestSuite.scala:195)
	at org.scalatest.WordSpec.withFixture(WordSpec.scala:1881)
	at org.scalatest.WordSpecLike.invokeWithFixture$1(WordSpecLike.scala:1073)
	at org.scalatest.WordSpecLike.$anonfun$runTest$1(WordSpecLike.scala:1085)
	at org.scalatest.SuperEngine.runTestImpl(Engine.scala:286)
	at org.scalatest.WordSpecLike.runTest(WordSpecLike.scala:1085)
	at org.scalatest.WordSpecLike.runTest$(WordSpecLike.scala:1067)
	at org.scalatest.WordSpec.runTest(WordSpec.scala:1881)
	at org.scalatest.WordSpecLike.$anonfun$runTests$1(WordSpecLike.scala:1144)
	at org.scalatest.SuperEngine.$anonfun$runTestsInBranch$1(Engine.scala:393)
	at scala.collection.immutable.List.foreach(List.scala:305)
	at org.scalatest.SuperEngine.traverseSubNodes$1(Engine.scala:381)
	at org.scalatest.SuperEngine.runTestsInBranch(Engine.scala:370)
	at org.scalatest.SuperEngine.$anonfun$runTestsInBranch$1(Engine.scala:407)
	at scala.collection.immutable.List.foreach(List.scala:305)
	at org.scalatest.SuperEngine.traverseSubNodes$1(Engine.scala:381)
	at org.scalatest.SuperEngine.runTestsInBranch(Engine.scala:376)
	at org.scalatest.SuperEngine.runTestsImpl(Engine.scala:458)
	at org.scalatest.WordSpecLike.runTests(WordSpecLike.scala:1144)
	at org.scalatest.WordSpecLike.runTests$(WordSpecLike.scala:1143)
	at org.scalatest.WordSpec.runTests(WordSpec.scala:1881)
	at org.scalatest.Suite.run(Suite.scala:1124)
	at org.scalatest.Suite.run$(Suite.scala:1106)
	at org.scalatest.WordSpec.org$scalatest$WordSpecLike$$super$run(WordSpec.scala:1881)
	at org.scalatest.WordSpecLike.$anonfun$run$1(WordSpecLike.scala:1189)
	at org.scalatest.SuperEngine.runImpl(Engine.scala:518)
	at org.scalatest.WordSpecLike.run(WordSpecLike.scala:1189)
	at org.scalatest.WordSpecLike.run$(WordSpecLike.scala:1187)
	at com.ks.scala.dbexplorer.routes.SearchUserRouteSpec.org$scalatest$BeforeAndAfterAll$$super$run(SearchUserRouteSpec.scala:14)
	at org.scalatest.BeforeAndAfterAll.liftedTree1$1(BeforeAndAfterAll.scala:213)
	at org.scalatest.BeforeAndAfterAll.run(BeforeAndAfterAll.scala:210)
	at org.scalatest.BeforeAndAfterAll.run$(BeforeAndAfterAll.scala:208)
	at com.ks.scala.dbexplorer.routes.SearchUserRouteSpec.run(SearchUserRouteSpec.scala:14)
	at org.scalatest.tools.Framework.org$scalatest$tools$Framework$$runSuite(Framework.scala:317)
	at org.scalatest.tools.Framework$ScalaTestTask.execute(Framework.scala:510)
	at sbt.TestRunner.runTest$1(TestFramework.scala:139)
	at sbt.TestRunner.run(TestFramework.scala:154)
	at sbt.TestFramework$$anon$3$$anonfun$$lessinit$greater$1.$anonfun$apply$1(TestFramework.scala:317)
	at sbt.TestFramework$.sbt$TestFramework$$withContextLoader(TestFramework.scala:277)
	at sbt.TestFramework$$anon$3$$anonfun$$lessinit$greater$1.apply(TestFramework.scala:317)
	at sbt.TestFramework$$anon$3$$anonfun$$lessinit$greater$1.apply(TestFramework.scala:317)
	at sbt.TestFunction.apply(TestFramework.scala:329)
	at sbt.Tests$.$anonfun$toTask$1(Tests.scala:311)
	at sbt.std.Transform$$anon$3.$anonfun$apply$2(Transform.scala:46)
	at sbt.std.Transform$$anon$4.work(Transform.scala:67)
	at sbt.Execute.$anonfun$submit$2(Execute.scala:281)
	at sbt.internal.util.ErrorHandling$.wideConvert(ErrorHandling.scala:19)
	at sbt.Execute.work(Execute.scala:290)
	at sbt.Execute.$anonfun$submit$1(Execute.scala:281)
	at sbt.ConcurrentRestrictions$$anon$4.$anonfun$submitValid$1(ConcurrentRestrictions.scala:178)
	at sbt.CompletionService$$anon$2.call(CompletionService.scala:37)
	at java.util.concurrent.FutureTask.run(FutureTask.java:266)
	at java.util.concurrent.Executors$RunnableAdapter.call(Executors.java:511)
	at java.util.concurrent.FutureTask.run(FutureTask.java:266)
	at java.util.concurrent.ThreadPoolExecutor.runWorker(ThreadPoolExecutor.java:1149)
	at java.util.concurrent.ThreadPoolExecutor$Worker.run(ThreadPoolExecutor.java:624)
	at java.lang.Thread.run(Thread.java:748)
[2019-12-20 11:19:16,109] [INFO] [akka.event.slf4j.Slf4jLogger] [SearchUserRouteSpec-akka.actor.default-dispatcher-3] [] - Slf4jLogger started
[2019-12-20 11:19:17,312] [INFO] [com.zaxxer.hikari.HikariDataSource] [pool-20-thread-4-ScalaTest-running-SearchUserRouteSpec] [] - mysql - Starting...
[2019-12-20 11:19:17,349] [INFO] [com.zaxxer.hikari.HikariDataSource] [pool-20-thread-4-ScalaTest-running-SearchUserRouteSpec] [] - mysql - Start completed.
